2023-01-18 14:21:32,834 [myid:] - INFO  [main:TimeFeedbackManager@280] - min_times
JUnit version 4.12
byteman jar is /home/haoze/.m2/repository/org/jboss/byteman/byteman/4.0.14/byteman-4.0.14.jar
Setting org.jboss.byteman.allow.config.update=true
.E
Time: 0.321
There was 1 failure:
1) leadingStateTest(org.apache.zookeeper.server.quorum.LeaderLeadingStateTest)
java.lang.AssertionError
	at sun.reflect.NativeConstructorAccessorImpl.newInstance0(Native Method)
	at sun.reflect.NativeConstructorAccessorImpl.newInstance(NativeConstructorAccessorImpl.java:62)
	at sun.reflect.DelegatingConstructorAccessorImpl.newInstance(DelegatingConstructorAccessorImpl.java:45)
	at java.lang.reflect.Constructor.newInstance(Constructor.java:423)
	at runtime.exception.ExceptionBuilder.createException(ExceptionBuilder.java:19)
	at runtime.LocalInjectionManager.inject(LocalInjectionManager.java:185)
	at runtime.TraceAgent.inject(TraceAgent.java:166)
	at org.apache.zookeeper.server.util.VerifyingFileFactory.<init>(VerifyingFileFactory.java)
	at org.apache.zookeeper.server.util.VerifyingFileFactory$Builder.build(VerifyingFileFactory.java:89)
	at org.apache.zookeeper.server.quorum.QuorumPeerConfig.parseProperties(QuorumPeerConfig.java:285)
	at org.apache.zookeeper.server.quorum.LeaderLeadingStateTest.buildQuorumPeerMain(LeaderLeadingStateTest.java:103)
	at org.apache.zookeeper.server.quorum.LeaderLeadingStateTest.leadingStateTest(LeaderLeadingStateTest.java:76)
	at sun.reflect.NativeMethodAccessorImpl.invoke0(Native Method)
	at sun.reflect.NativeMethodAccessorImpl.invoke(NativeMethodAccessorImpl.java:62)
	at sun.reflect.DelegatingMethodAccessorImpl.invoke(DelegatingMethodAccessorImpl.java:43)
	at java.lang.reflect.Method.invoke(Method.java:498)
	at org.junit.runners.model.FrameworkMethod$1.runReflectiveCall(FrameworkMethod.java:50)
	at org.junit.internal.runners.model.ReflectiveCallable.run(ReflectiveCallable.java:12)
	at org.junit.runners.model.FrameworkMethod.invokeExplosively(FrameworkMethod.java:47)
	at org.junit.internal.runners.statements.InvokeMethod.evaluate(InvokeMethod.java:17)
	at org.jboss.byteman.contrib.bmunit.BMUnitRunner$6.evaluate(BMUnitRunner.java:263)
	at org.junit.runners.ParentRunner.runLeaf(ParentRunner.java:325)
	at org.junit.runners.BlockJUnit4ClassRunner.runChild(BlockJUnit4ClassRunner.java:78)
	at org.junit.runners.BlockJUnit4ClassRunner.runChild(BlockJUnit4ClassRunner.java:57)
	at org.junit.runners.ParentRunner$3.run(ParentRunner.java:290)
	at org.junit.runners.ParentRunner$1.schedule(ParentRunner.java:71)
	at org.junit.runners.ParentRunner.runChildren(ParentRunner.java:288)
	at org.junit.runners.ParentRunner.access$000(ParentRunner.java:58)
	at org.junit.runners.ParentRunner$2.evaluate(ParentRunner.java:268)
	at org.jboss.byteman.contrib.bmunit.BMUnitRunner$2.evaluate(BMUnitRunner.java:126)
	at org.jboss.byteman.contrib.bmunit.BMUnitRunner$1.evaluate(BMUnitRunner.java:97)
	at org.junit.runners.ParentRunner.run(ParentRunner.java:363)
	at org.junit.runners.Suite.runChild(Suite.java:128)
	at org.junit.runners.Suite.runChild(Suite.java:27)
	at org.junit.runners.ParentRunner$3.run(ParentRunner.java:290)
	at org.junit.runners.ParentRunner$1.schedule(ParentRunner.java:71)
	at org.junit.runners.ParentRunner.runChildren(ParentRunner.java:288)
	at org.junit.runners.ParentRunner.access$000(ParentRunner.java:58)
	at org.junit.runners.ParentRunner$2.evaluate(ParentRunner.java:268)
	at org.junit.runners.ParentRunner.run(ParentRunner.java:363)
	at org.junit.runner.JUnitCore.run(JUnitCore.java:137)
	at org.junit.runner.JUnitCore.run(JUnitCore.java:115)
	at org.junit.runner.JUnitCore.runMain(JUnitCore.java:77)
	at org.junit.runner.JUnitCore.main(JUnitCore.java:36)
	at sun.reflect.NativeMethodAccessorImpl.invoke0(Native Method)
	at sun.reflect.NativeMethodAccessorImpl.invoke(NativeMethodAccessorImpl.java:62)
	at sun.reflect.DelegatingMethodAccessorImpl.invoke(DelegatingMethodAccessorImpl.java:43)
	at java.lang.reflect.Method.invoke(Method.java:498)
	at runtime.TraceAgent.main(TraceAgent.java:244)

FAILURES!!!
Tests run: 1,  Failures: 1

